<?xml version="1.0" encoding="UTF-8"?>
<testsuite xmlns:xsi="http://www.w3.org/2001/XMLSchema-instance" xsi:noNamespaceSchemaLocation="https://maven.apache.org/surefire/maven-surefire-plugin/xsd/surefire-test-report-3.0.xsd" version="3.0" name="loan.CreditAssessmentTest" time="0.203" tests="20" errors="0" skipped="0" failures="0">
  <properties>
[...]
</properties>
  <testcase name="testInvalidCustomerId" classname="loan.CreditAssessmentTest" time="0.012"/>
  <testcase name="testMinimumIncomeBoundary" classname="loan.CreditAssessmentTest" time="0.0"/>
  <testcase name="testDTICalculation" classname="loan.CreditAssessmentTest" time="0.0"/>
  <testcase name="testBoundaryAge21" classname="loan.CreditAssessmentTest" time="0.0"/>
  <testcase name="testInvalidLoanAmount" classname="loan.CreditAssessmentTest" time="0.0"/>
  <testcase name="testLowIncome" classname="loan.CreditAssessmentTest" time="0.001"/>
  <testcase name="testLoanAmountExceedsLimit" classname="loan.CreditAssessmentTest" time="0.001"/>
  <testcase name="testMultipleRejectionReasons" classname="loan.CreditAssessmentTest" time="0.0"/>
  <testcase name="testMinimumCreditScore650" classname="loan.CreditAssessmentTest" time="0.0"/>
  <testcase name="testNegativeAge" classname="loan.CreditAssessmentTest" time="0.0"/>
  <testcase name="testHighDTI" classname="loan.CreditAssessmentTest" time="0.001"/>
  <testcase name="testNegativeIncome" classname="loan.CreditAssessmentTest" time="0.001"/>
  <testcase name="testLowRiskApproval" classname="loan.CreditAssessmentTest" time="0.001"/>
  <testcase name="testMaximumPermissibleLoan" classname="loan.CreditAssessmentTest" time="0.0"/>
  <testcase name="testLowCreditScore" classname="loan.CreditAssessmentTest" time="0.001"/>
  <testcase name="testInvalidGovernmentId" classname="loan.CreditAssessmentTest" time="0.001"/>
  <testcase name="testInvalidCreditScore" classname="loan.CreditAssessmentTest" time="0.0"/>
  <testcase name="testAgeBelow21" classname="loan.CreditAssessmentTest" time="0.001"/>
  <testcase name="testMediumRiskApproval" classname="loan.CreditAssessmentTest" time="0.002"/>
  <testcase name="testMaximumDTIBoundary" classname="loan.CreditAssessmentTest" time="0.0"/>
</testsuite>